<?xml version="1.0" encoding="UTF-8"?>
<!-- Generated by org.testng.reporters.JUnitReportReporter -->
<testsuite skipped="0" hostname="LAPTOP-SK2I11LG" name="com.TF_ibilling.testCases.TC_LoginTest_001" tests="1" failures="0" timestamp="08 Apr 2022 18:47:01 GMT" time="2.072" errors="0">
  <testcase name="validUserShouldAbleToLogin" time="2.072" classname="com.TF_ibilling.testCases.TC_LoginTest_001"/>
</testsuite> <!-- com.TF_ibilling.testCases.TC_LoginTest_001 -->
