<?xml version="1.0" encoding="UTF-8"?>
<!-- Generated by org.testng.reporters.JUnitReportReporter -->
<testsuite skipped="0" hostname="LAPTOP-SK2I11LG" name="com.TF_ibilling.testCases.TransactionTest" tests="1" failures="0" timestamp="08 Apr 2022 01:30:12 GMT" time="7.560" errors="0">
  <testcase name="ValidUserShouldBeAbleToAccessAddCustomerMenu" time="7.560" classname="com.TF_ibilling.testCases.TransactionTest"/>
</testsuite> <!-- com.TF_ibilling.testCases.TransactionTest -->
