<?xml version="1.0" encoding="UTF-8"?>
<!-- Generated by org.testng.reporters.JUnitReportReporter -->
<testsuite skipped="0" hostname="LAPTOP-SK2I11LG" name="com.TF_ibilling.testCases.TC_LoginTest_001" tests="3" failures="0" timestamp="08 Apr 2022 17:41:46 GMT" time="2.780" errors="0">
  <testcase name="negativeLoginTest" time="1.435" classname="com.TF_ibilling.testCases.TC_LoginTest_001"/>
  <testcase name="negativeLoginTest" time="0.668" classname="com.TF_ibilling.testCases.TC_LoginTest_001"/>
  <testcase name="negativeLoginTest" time="0.677" classname="com.TF_ibilling.testCases.TC_LoginTest_001"/>
</testsuite> <!-- com.TF_ibilling.testCases.TC_LoginTest_001 -->
